Using pre-set license
Built from '2020.3/staging' branch; Version is '2020.3.24f1 (79c78de19888) revision 7980941'; Using compiler version '192528614'; Build Type 'Release'
OS: 'Windows 11  (10.0.22000) 64bit CoreSingleLanguage' Language: 'en' Physical Memory: 6082 MB
BatchMode: 1, IsHumanControllingUs: 0, StartBugReporterOnCrash: 0, Is64bit: 1, IsPro: 0

COMMAND LINE ARGUMENTS:
C:\Program Files\Unity\Hub\Editor\2020.3.24f1\Editor\Unity.exe
-adb2
-batchMode
-noUpm
-name
AssetImportWorker1
-projectPath
F:/Project/GitHub/CollegeAssignments/Assignment_3
-logFile
Logs/AssetImportWorker1.log
-srvPort
10781
Successfully changed project path to: F:/Project/GitHub/CollegeAssignments/Assignment_3
F:/Project/GitHub/CollegeAssignments/Assignment_3
Using Asset Import Pipeline V2.
Refreshing native plugins compatible for Editor in 110.01 ms, found 3 plugins.
Preloading 0 native plugins for Editor in 0.00 ms.
Initialize engine version: 2020.3.24f1 (79c78de19888)
[Subsystems] Discovering subsystems at path C:/Program Files/Unity/Hub/Editor/2020.3.24f1/Editor/Data/Resources/UnitySubsystems
[Subsystems] Discovering subsystems at path F:/Project/GitHub/CollegeAssignments/Assignment_3/Assets
GfxDevice: creating device client; threaded=0
Direct3D:
    Version:  Direct3D 11.0 [level 11.1]
    Renderer: AMD Radeon(TM) Vega 8 Graphics (ID=0x15d8)
    Vendor:   
    VRAM:     3041 MB
    Driver:   26.20.11028.15002
Initialize mono
Mono path[0] = 'C:/Program Files/Unity/Hub/Editor/2020.3.24f1/Editor/Data/Managed'
Mono path[1] = 'C:/Program Files/Unity/Hub/Editor/2020.3.24f1/Editor/Data/MonoBleedingEdge/lib/mono/unityjit'
Mono config path = 'C:/Program Files/Unity/Hub/Editor/2020.3.24f1/Editor/Data/MonoBleedingEdge/etc'
Using monoOptions --debugger-agent=transport=dt_socket,embedding=1,server=y,suspend=n,address=127.0.0.1:56808
Begin MonoManager ReloadAssembly
Registering precompiled unity dll's ...
Register platform support module: C:/Program Files/Unity/Hub/Editor/2020.3.24f1/Editor/Data/PlaybackEngines/WindowsStandaloneSupport/UnityEditor.WindowsStandalone.Extensions.dll
Registered in 0.003240 seconds.
Native extension for WindowsStandalone target not found
Refreshing native plugins compatible for Editor in 117.76 ms, found 3 plugins.
Preloading 0 native plugins for Editor in 0.00 ms.
Mono: successfully reloaded assembly
- Completed reload, in  1.294 seconds
Domain Reload Profiling:
	ReloadAssembly (1295ms)
		BeginReloadAssembly (148ms)
			ExecutionOrderSort (0ms)
			DisableScriptedObjects (0ms)
			BackupInstance (0ms)
			ReleaseScriptingObjects (0ms)
			CreateAndSetChildDomain (2ms)
		EndReloadAssembly (953ms)
			LoadAssemblies (142ms)
			RebuildTransferFunctionScriptingTraits (0ms)
			SetupTypeCache (256ms)
			ReleaseScriptCaches (0ms)
			RebuildScriptCaches (85ms)
			SetupLoadedEditorAssemblies (346ms)
				LogAssemblyErrors (0ms)
				InitializePlatformSupportModulesInManaged (12ms)
				SetLoadedEditorAssemblies (1ms)
				RefreshPlugins (118ms)
				BeforeProcessingInitializeOnLoad (19ms)
				ProcessInitializeOnLoadAttributes (121ms)
				ProcessInitializeOnLoadMethodAttributes (75ms)
				AfterProcessingInitializeOnLoad (0ms)
				EditorAssembliesLoaded (1ms)
			ExecutionOrderSort2 (0ms)
			AwakeInstancesAfterBackupRestoration (0ms)
Platform modules already initialized, skipping
Registering precompiled user dll's ...
Registered in 0.007665 seconds.
Begin MonoManager ReloadAssembly
Native extension for WindowsStandalone target not found
Refreshing native plugins compatible for Editor in 103.04 ms, found 3 plugins.
Preloading 0 native plugins for Editor in 0.00 ms.
Mono: successfully reloaded assembly
- Completed reload, in  5.550 seconds
Domain Reload Profiling:
	ReloadAssembly (5552ms)
		BeginReloadAssembly (325ms)
			ExecutionOrderSort (0ms)
			DisableScriptedObjects (6ms)
			BackupInstance (0ms)
			ReleaseScriptingObjects (0ms)
			CreateAndSetChildDomain (45ms)
		EndReloadAssembly (5090ms)
			LoadAssemblies (1536ms)
			RebuildTransferFunctionScriptingTraits (0ms)
			SetupTypeCache (927ms)
			ReleaseScriptCaches (1ms)
			RebuildScriptCaches (58ms)
			SetupLoadedEditorAssemblies (2414ms)
				LogAssemblyErrors (0ms)
				InitializePlatformSupportModulesInManaged (11ms)
				SetLoadedEditorAssemblies (1ms)
				RefreshPlugins (103ms)
				BeforeProcessingInitializeOnLoad (145ms)
				ProcessInitializeOnLoadAttributes (592ms)
				ProcessInitializeOnLoadMethodAttributes (1549ms)
				AfterProcessingInitializeOnLoad (14ms)
				EditorAssembliesLoaded (0ms)
			ExecutionOrderSort2 (0ms)
			AwakeInstancesAfterBackupRestoration (12ms)
Platform modules already initialized, skipping
========================================================================
Worker process is ready to serve import requests
Launched and connected shader compiler UnityShaderCompiler.exe after 0.27 seconds
Refreshing native plugins compatible for Editor in 1.18 ms, found 3 plugins.
Preloading 0 native plugins for Editor in 0.00 ms.
Unloading 2194 Unused Serialized files (Serialized files now loaded: 0)
System memory in use before: 95.8 MB.
System memory in use after: 95.9 MB.

Unloading 28 unused Assets to reduce memory usage. Loaded Objects now: 2627.
Total: 8.512000 ms (FindLiveObjects: 0.453600 ms CreateObjectMapping: 0.138500 ms MarkObjects: 7.739500 ms  DeleteObjects: 0.177600 ms)

AssetImportParameters requested are different than current active one (requested -> active):
  custom:framework-win-MediaFoundation: 216162199b28c13a410421893ffa2e32 -> 
  custom:video-decoder-ogg-theora: a1e56fd34408186e4bbccfd4996cb3dc -> 
  custom:container-muxer-webm: aa71ff27fc2769a1b78a27578f13a17b -> 
  custom:container-demuxer-webm: 4f35f7cbe854078d1ac9338744f61a02 -> 
  custom:container-demuxer-ogg: 62fdf1f143b41e24485cea50d1cbac27 -> 
  custom:video-encoder-webm-vp8: eb34c28f22e8b96e1ab97ce403110664 -> 
  custom:video-decoder-webm-vp8: 9c59270c3fd7afecdb556c50c9e8de78 -> 
  custom:audio-decoder-ogg-vorbis: bf7c407c2cedff20999df2af8eb42d56 -> 
  custom:audio-encoder-webm-vorbis: bf7c407c2cedff20999df2af8eb42d56 -> 
========================================================================
Received Import Request.
  path: Assets
  artifactKey: Guid(00000000000000001000000000000000) Importer(815301076,1909f56bfc062723c751e8b465ee728b)
Start importing Assets using Guid(00000000000000001000000000000000) Importer(815301076,1909f56bfc062723c751e8b465ee728b)  -> (artifact id: '42d402b061de3733987d63b9cc3b64de') in 0.033189 seconds 
  Import took 0.174415 seconds .

========================================================================
Received Prepare
Registering precompiled user dll's ...
Registered in 0.003444 seconds.
Begin MonoManager ReloadAssembly
Native extension for WindowsStandalone target not found
Refreshing native plugins compatible for Editor in 0.69 ms, found 3 plugins.
Preloading 0 native plugins for Editor in 0.00 ms.
Mono: successfully reloaded assembly
- Completed reload, in  1.370 seconds
Domain Reload Profiling:
	ReloadAssembly (1371ms)
		BeginReloadAssembly (161ms)
			ExecutionOrderSort (0ms)
			DisableScriptedObjects (11ms)
			BackupInstance (0ms)
			ReleaseScriptingObjects (0ms)
			CreateAndSetChildDomain (50ms)
		EndReloadAssembly (1124ms)
			LoadAssemblies (122ms)
			RebuildTransferFunctionScriptingTraits (0ms)
			SetupTypeCache (400ms)
			ReleaseScriptCaches (2ms)
			RebuildScriptCaches (64ms)
			SetupLoadedEditorAssemblies (401ms)
				LogAssemblyErrors (0ms)
				InitializePlatformSupportModulesInManaged (6ms)
				SetLoadedEditorAssemblies (1ms)
				RefreshPlugins (1ms)
				BeforeProcessingInitializeOnLoad (83ms)
				ProcessInitializeOnLoadAttributes (285ms)
				ProcessInitializeOnLoadMethodAttributes (16ms)
				AfterProcessingInitializeOnLoad (10ms)
				EditorAssembliesLoaded (0ms)
			ExecutionOrderSort2 (0ms)
			AwakeInstancesAfterBackupRestoration (13ms)
Platform modules already initialized, skipping
Refreshing native plugins compatible for Editor in 0.85 ms, found 3 plugins.
Preloading 0 native plugins for Editor in 0.00 ms.
Unloading 2184 Unused Serialized files (Serialized files now loaded: 0)
System memory in use before: 95.2 MB.
System memory in use after: 95.3 MB.

Unloading 17 unused Assets to reduce memory usage. Loaded Objects now: 2630.
Total: 5.609200 ms (FindLiveObjects: 0.357900 ms CreateObjectMapping: 0.129100 ms MarkObjects: 5.090500 ms  DeleteObjects: 0.029800 ms)

AssetImportParameters requested are different than current active one (requested -> active):
  custom:framework-win-MediaFoundation: 216162199b28c13a410421893ffa2e32 -> 
  custom:video-decoder-ogg-theora: a1e56fd34408186e4bbccfd4996cb3dc -> 
  custom:container-muxer-webm: aa71ff27fc2769a1b78a27578f13a17b -> 
  custom:container-demuxer-webm: 4f35f7cbe854078d1ac9338744f61a02 -> 
  custom:container-demuxer-ogg: 62fdf1f143b41e24485cea50d1cbac27 -> 
  custom:video-encoder-webm-vp8: eb34c28f22e8b96e1ab97ce403110664 -> 
  custom:video-decoder-webm-vp8: 9c59270c3fd7afecdb556c50c9e8de78 -> 
  custom:audio-decoder-ogg-vorbis: bf7c407c2cedff20999df2af8eb42d56 -> 
  custom:audio-encoder-webm-vorbis: bf7c407c2cedff20999df2af8eb42d56 -> 
========================================================================
Received Import Request.
  Time since last request: 1776.724674 seconds.
  path: Assets/ImportedAssets
  artifactKey: Guid(ced7b9d951575d2438ff9d3c9f0b29aa) Importer(815301076,1909f56bfc062723c751e8b465ee728b)
Start importing Assets/ImportedAssets using Guid(ced7b9d951575d2438ff9d3c9f0b29aa) Importer(815301076,1909f56bfc062723c751e8b465ee728b)  -> (artifact id: '1777b725afa6b7548a5301fd50761df6') in 0.018135 seconds 
  Import took 0.068255 seconds .

========================================================================
Received Import Request.
  Time since last request: 4.553562 seconds.
  path: Assets/ImportedAssets/HONETi
  artifactKey: Guid(04e89c5b255fc4742be1f5a075fba46a) Importer(815301076,1909f56bfc062723c751e8b465ee728b)
Start importing Assets/ImportedAssets/HONETi using Guid(04e89c5b255fc4742be1f5a075fba46a) Importer(815301076,1909f56bfc062723c751e8b465ee728b)  -> (artifact id: '78c9ddb69d37b2377f5ea27466171d1f') in 0.014234 seconds 
  Import took 0.020015 seconds .

========================================================================
Received Import Request.
  Time since last request: 1.570574 seconds.
  path: Assets/ImportedAssets/HONETi/mobile_cartoon_GUI
  artifactKey: Guid(357513b5d2f42a444952927d989ed8c3) Importer(815301076,1909f56bfc062723c751e8b465ee728b)
Start importing Assets/ImportedAssets/HONETi/mobile_cartoon_GUI using Guid(357513b5d2f42a444952927d989ed8c3) Importer(815301076,1909f56bfc062723c751e8b465ee728b)  -> (artifact id: '49642119f6dc124a8a24972c63f3e35a') in 0.014347 seconds 
  Import took 0.042674 seconds .

========================================================================
Received Import Request.
  Time since last request: 0.647639 seconds.
  path: Assets/ImportedAssets/HONETi/mobile_cartoon_GUI/Fonts
  artifactKey: Guid(a434e76eb0a5ffa45ac583e74022c336) Importer(815301076,1909f56bfc062723c751e8b465ee728b)
Start importing Assets/ImportedAssets/HONETi/mobile_cartoon_GUI/Fonts using Guid(a434e76eb0a5ffa45ac583e74022c336) Importer(815301076,1909f56bfc062723c751e8b465ee728b)  -> (artifact id: '70c3dbd60fd930133d03ef29f1237b8d') in 0.015071 seconds 
  Import took 0.092261 seconds .

========================================================================
Received Import Request.
  Time since last request: 0.318027 seconds.
  path: Assets/ImportedAssets/HONETi/mobile_cartoon_GUI/GUI Elements
  artifactKey: Guid(52b4beb82a7d99b4593b0ad215af51b3) Importer(815301076,1909f56bfc062723c751e8b465ee728b)
Start importing Assets/ImportedAssets/HONETi/mobile_cartoon_GUI/GUI Elements using Guid(52b4beb82a7d99b4593b0ad215af51b3) Importer(815301076,1909f56bfc062723c751e8b465ee728b)  -> (artifact id: '0942ea724a73e931ba22b4008bd90458') in 0.014611 seconds 
  Import took 0.034249 seconds .

========================================================================
Received Import Request.
  Time since last request: 0.678767 seconds.
  path: Assets/ImportedAssets/HONETi/mobile_cartoon_GUI/psd files
  artifactKey: Guid(0658a3f2e0c279348ac736ffd170c23f) Importer(815301076,1909f56bfc062723c751e8b465ee728b)
Start importing Assets/ImportedAssets/HONETi/mobile_cartoon_GUI/psd files using Guid(0658a3f2e0c279348ac736ffd170c23f) Importer(815301076,1909f56bfc062723c751e8b465ee728b)  -> (artifact id: '25c3b01baa289cd9a4b5b632ccea7fe0') in 0.012283 seconds 
  Import took 0.017495 seconds .

========================================================================
Received Import Request.
  Time since last request: 0.180383 seconds.
  path: Assets/ImportedAssets/HONETi/mobile_cartoon_GUI/Scenes
  artifactKey: Guid(b411a314fb5f8da4792d2ba77fb94d18) Importer(815301076,1909f56bfc062723c751e8b465ee728b)
Start importing Assets/ImportedAssets/HONETi/mobile_cartoon_GUI/Scenes using Guid(b411a314fb5f8da4792d2ba77fb94d18) Importer(815301076,1909f56bfc062723c751e8b465ee728b)  -> (artifact id: 'acbcbe022c507fd5d82b21c3bcd17c66') in 0.011191 seconds 
  Import took 0.015417 seconds .

========================================================================
Received Import Request.
  Time since last request: 3.875419 seconds.
  path: Assets/ImportedAssets/HONETi/mobile_cartoon_GUI/Scenes/achievements_sc.unity
  artifactKey: Guid(9c8ce377548e5324a95bb831ee9ba167) Importer(815301076,1909f56bfc062723c751e8b465ee728b)
Start importing Assets/ImportedAssets/HONETi/mobile_cartoon_GUI/Scenes/achievements_sc.unity using Guid(9c8ce377548e5324a95bb831ee9ba167) Importer(815301076,1909f56bfc062723c751e8b465ee728b)  -> (artifact id: '69f2893eaae5a122a20eef58ef39aa91') in 0.026435 seconds 
  Import took 0.062886 seconds .

========================================================================
Received Import Request.
  Time since last request: 2.764328 seconds.
  path: Assets/ImportedAssets/HONETi/mobile_cartoon_GUI/Scenes/icons_sc.unity
  artifactKey: Guid(e5c84e20522e801458dc971680b64031) Importer(815301076,1909f56bfc062723c751e8b465ee728b)
Start importing Assets/ImportedAssets/HONETi/mobile_cartoon_GUI/Scenes/icons_sc.unity using Guid(e5c84e20522e801458dc971680b64031) Importer(815301076,1909f56bfc062723c751e8b465ee728b)  -> (artifact id: '3cd80c3daac3ca41c321f1320e14b5f2') in 0.011938 seconds 
  Import took 0.016953 seconds .

========================================================================
Received Import Request.
  Time since last request: 2.530888 seconds.
  path: Assets/ImportedAssets/HONETi/mobile_cartoon_GUI/Scenes/level_sc.unity
  artifactKey: Guid(c9bdd0eda9c3f6c4b8dec8c26f0c3d7b) Importer(815301076,1909f56bfc062723c751e8b465ee728b)
Start importing Assets/ImportedAssets/HONETi/mobile_cartoon_GUI/Scenes/level_sc.unity using Guid(c9bdd0eda9c3f6c4b8dec8c26f0c3d7b) Importer(815301076,1909f56bfc062723c751e8b465ee728b)  -> (artifact id: '2e374a58768e23e7132e6633b75bd903') in 0.012268 seconds 
  Import took 0.042313 seconds .

========================================================================
Received Import Request.
  Time since last request: 0.852539 seconds.
  path: Assets/ImportedAssets/HONETi/mobile_cartoon_GUI/Scenes/no_reward_sc.unity
  artifactKey: Guid(308e3fbe003ff2744890ee79be7ae11c) Importer(815301076,1909f56bfc062723c751e8b465ee728b)
Start importing Assets/ImportedAssets/HONETi/mobile_cartoon_GUI/Scenes/no_reward_sc.unity using Guid(308e3fbe003ff2744890ee79be7ae11c) Importer(815301076,1909f56bfc062723c751e8b465ee728b)  -> (artifact id: 'bf5bc396a67fabee5ff249e6e5a3117f') in 0.013498 seconds 
  Import took 0.017923 seconds .

========================================================================
Received Import Request.
  Time since last request: 15.716654 seconds.
  path: Assets/ImportedAssets/HONETi/mobile_cartoon_GUI/Scenes/reward_sc.unity
  artifactKey: Guid(bbf783e2dd8fb7948811dd5887d60070) Importer(815301076,1909f56bfc062723c751e8b465ee728b)
Start importing Assets/ImportedAssets/HONETi/mobile_cartoon_GUI/Scenes/reward_sc.unity using Guid(bbf783e2dd8fb7948811dd5887d60070) Importer(815301076,1909f56bfc062723c751e8b465ee728b)  -> (artifact id: '4a4d3ed7678e3bfb06ecfa12e46f4fb1') in 0.018714 seconds 
  Import took 0.041200 seconds .

========================================================================
Received Import Request.
  Time since last request: 1.267321 seconds.
  path: Assets/ImportedAssets/HONETi/mobile_cartoon_GUI/Scenes/settings_sc.unity
  artifactKey: Guid(a42d4dae67a63ef4ab7224833b76cbb1) Importer(815301076,1909f56bfc062723c751e8b465ee728b)
Start importing Assets/ImportedAssets/HONETi/mobile_cartoon_GUI/Scenes/settings_sc.unity using Guid(a42d4dae67a63ef4ab7224833b76cbb1) Importer(815301076,1909f56bfc062723c751e8b465ee728b)  -> (artifact id: 'c02c5ccaa0f58d14cfb1063d7223cefe') in 0.014908 seconds 
  Import took 0.019501 seconds .

========================================================================
Received Import Request.
  Time since last request: 0.640924 seconds.
  path: Assets/ImportedAssets/HONETi/mobile_cartoon_GUI/Scenes/start_sc.unity
  artifactKey: Guid(b2291480654a336448784fd47cbf6482) Importer(815301076,1909f56bfc062723c751e8b465ee728b)
Start importing Assets/ImportedAssets/HONETi/mobile_cartoon_GUI/Scenes/start_sc.unity using Guid(b2291480654a336448784fd47cbf6482) Importer(815301076,1909f56bfc062723c751e8b465ee728b)  -> (artifact id: 'b6ed01cb14c2317f06ef1a0e3c4adcaf') in 0.011900 seconds 
  Import took 0.017137 seconds .

========================================================================
Received Import Request.
  Time since last request: 0.640203 seconds.
  path: Assets/ImportedAssets/HONETi/mobile_cartoon_GUI/Scenes/store_sc.unity
  artifactKey: Guid(38f46246182897f4bbb2f00feb6860e7) Importer(815301076,1909f56bfc062723c751e8b465ee728b)
Start importing Assets/ImportedAssets/HONETi/mobile_cartoon_GUI/Scenes/store_sc.unity using Guid(38f46246182897f4bbb2f00feb6860e7) Importer(815301076,1909f56bfc062723c751e8b465ee728b)  -> (artifact id: '8c6ecc1fd9b624bd22577bf0c0cec896') in 0.012474 seconds 
  Import took 0.017628 seconds .

========================================================================
Received Import Request.
  Time since last request: 6.666641 seconds.
  path: Assets/ImportedAssets/HONETi/mobile_cartoon_GUI/Scenes/text_sc.unity
  artifactKey: Guid(1ddbf6bfc94ec0847944b276964f5bba) Importer(815301076,1909f56bfc062723c751e8b465ee728b)
Start importing Assets/ImportedAssets/HONETi/mobile_cartoon_GUI/Scenes/text_sc.unity using Guid(1ddbf6bfc94ec0847944b276964f5bba) Importer(815301076,1909f56bfc062723c751e8b465ee728b)  -> (artifact id: '2edfb389a35a1283fd7e17c509d398de') in 0.012280 seconds 
  Import took 0.016642 seconds .

========================================================================
Received Import Request.
  Time since last request: 16.721907 seconds.
  path: Assets/Scenes
  artifactKey: Guid(670bf1f66dbe0e1409b1835b8d05adfc) Importer(815301076,1909f56bfc062723c751e8b465ee728b)
Start importing Assets/Scenes using Guid(670bf1f66dbe0e1409b1835b8d05adfc) Importer(815301076,1909f56bfc062723c751e8b465ee728b)  -> (artifact id: '72b504a0400c4c4441ffe8815a22dba0') in 0.004080 seconds 
  Import took 0.047740 seconds .

========================================================================
Received Import Request.
  Time since last request: 1.350332 seconds.
  path: Assets/Scenes/SampleScene.unity
  artifactKey: Guid(2cda990e2423bbf4892e6590ba056729) Importer(815301076,1909f56bfc062723c751e8b465ee728b)
Start importing Assets/Scenes/SampleScene.unity using Guid(2cda990e2423bbf4892e6590ba056729) Importer(815301076,1909f56bfc062723c751e8b465ee728b)  -> (artifact id: 'aa27944bdea339c97c39027c7eea529c') in 0.011109 seconds 
  Import took 0.027631 seconds .

========================================================================
Received Import Request.
  Time since last request: 4.022087 seconds.
  path: Assets/Scenes/MainScene.unity
  artifactKey: Guid(2cda990e2423bbf4892e6590ba056729) Importer(815301076,1909f56bfc062723c751e8b465ee728b)
Start importing Assets/Scenes/MainScene.unity using Guid(2cda990e2423bbf4892e6590ba056729) Importer(815301076,1909f56bfc062723c751e8b465ee728b)  -> (artifact id: '18e8003c8cc64cbebb2abe648ca68268') in 0.012318 seconds 
  Import took 0.016420 seconds .

========================================================================
Received Import Request.
  Time since last request: 24.113859 seconds.
  path: Assets/ImportedAssets/HONETi/mobile_cartoon_GUI/Fonts/BerkshireSwash-Regular.ttf
  artifactKey: Guid(65f60429d8edb1043bd905eab722146e) Importer(815301076,1909f56bfc062723c751e8b465ee728b)
Start importing Assets/ImportedAssets/HONETi/mobile_cartoon_GUI/Fonts/BerkshireSwash-Regular.ttf using Guid(65f60429d8edb1043bd905eab722146e) Importer(815301076,1909f56bfc062723c751e8b465ee728b)  -> (artifact id: '2d25db5ee7e4932e39ed822a9a3a125e') in 0.250146 seconds 
  Import took 0.264811 seconds .

========================================================================
Received Import Request.
  Time since last request: 0.000253 seconds.
  path: Assets/ImportedAssets/HONETi/mobile_cartoon_GUI/Fonts/Candara.ttf
  artifactKey: Guid(17d59c74c059ca84293437fda6a96176) Importer(815301076,1909f56bfc062723c751e8b465ee728b)
Start importing Assets/ImportedAssets/HONETi/mobile_cartoon_GUI/Fonts/Candara.ttf using Guid(17d59c74c059ca84293437fda6a96176) Importer(815301076,1909f56bfc062723c751e8b465ee728b)  -> (artifact id: 'df2f78c12c5c1055bfcaef542258f41e') in 0.031584 seconds 
  Import took 0.036013 seconds .

========================================================================
Received Import Request.
  Time since last request: 0.000278 seconds.
  path: Assets/ImportedAssets/HONETi/mobile_cartoon_GUI/Fonts/Candaraz.ttf
  artifactKey: Guid(1bb3c0b880131cc4fba43d69966e837e) Importer(815301076,1909f56bfc062723c751e8b465ee728b)
Start importing Assets/ImportedAssets/HONETi/mobile_cartoon_GUI/Fonts/Candaraz.ttf using Guid(1bb3c0b880131cc4fba43d69966e837e) Importer(815301076,1909f56bfc062723c751e8b465ee728b)  -> (artifact id: '90c926f05b08dbed134d853f5e20169a') in 0.036604 seconds 
  Import took 0.041589 seconds .

========================================================================
Received Import Request.
  Time since last request: 0.000314 seconds.
  path: Assets/ImportedAssets/HONETi/mobile_cartoon_GUI/Fonts/Candarai.ttf
  artifactKey: Guid(1d8e46a29efcf66468d621dd5fb6e899) Importer(815301076,1909f56bfc062723c751e8b465ee728b)
Start importing Assets/ImportedAssets/HONETi/mobile_cartoon_GUI/Fonts/Candarai.ttf using Guid(1d8e46a29efcf66468d621dd5fb6e899) Importer(815301076,1909f56bfc062723c751e8b465ee728b)  -> (artifact id: '207b24d782b3e2bb320cb27a4ed74e9f') in 0.027566 seconds 
  Import took 0.032320 seconds .

========================================================================
Received Import Request.
  Time since last request: 0.000286 seconds.
  path: Assets/ImportedAssets/HONETi/mobile_cartoon_GUI/Fonts/Candarab.ttf
  artifactKey: Guid(81ccd59e82dfa6b4b9cbd1f07d0c04c1) Importer(815301076,1909f56bfc062723c751e8b465ee728b)
Start importing Assets/ImportedAssets/HONETi/mobile_cartoon_GUI/Fonts/Candarab.ttf using Guid(81ccd59e82dfa6b4b9cbd1f07d0c04c1) Importer(815301076,1909f56bfc062723c751e8b465ee728b)  -> (artifact id: 'cebb60fdf0a8d375c4ff2635e047a047') in 0.025557 seconds 
  Import took 0.030311 seconds .

========================================================================
Received Import Request.
  Time since last request: 12.187251 seconds.
  path: Assets/ImportedAssets/HONETi/mobile_cartoon_GUI/Scripts
  artifactKey: Guid(8327d377120c6a843bd4d484c6fdad45) Importer(815301076,1909f56bfc062723c751e8b465ee728b)
Start importing Assets/ImportedAssets/HONETi/mobile_cartoon_GUI/Scripts using Guid(8327d377120c6a843bd4d484c6fdad45) Importer(815301076,1909f56bfc062723c751e8b465ee728b)  -> (artifact id: '9baeb925a75c663bf2f7dbc545beeb79') in 0.036867 seconds 
  Import took 0.065644 seconds .

========================================================================
Received Import Request.
  Time since last request: 6.157564 seconds.
  path: Assets/ImportedAssets/HONETi/mobile_cartoon_GUI/psd files/gui_elements_slices.psd
  artifactKey: Guid(8d76ebffd621dd740a14caee1787f2c9) Importer(815301076,1909f56bfc062723c751e8b465ee728b)
Start importing Assets/ImportedAssets/HONETi/mobile_cartoon_GUI/psd files/gui_elements_slices.psd using Guid(8d76ebffd621dd740a14caee1787f2c9) Importer(815301076,1909f56bfc062723c751e8b465ee728b)  -> (artifact id: '1e997796702afc7580a8487f80627d29') in 0.210242 seconds 
  Import took 0.237524 seconds .

========================================================================
Received Import Request.
  Time since last request: 0.000271 seconds.
  path: Assets/ImportedAssets/HONETi/mobile_cartoon_GUI/psd files/panel_start_slices.psd
  artifactKey: Guid(f132ab927f3b2c547a43c274c9779d51) Importer(815301076,1909f56bfc062723c751e8b465ee728b)
Start importing Assets/ImportedAssets/HONETi/mobile_cartoon_GUI/psd files/panel_start_slices.psd using Guid(f132ab927f3b2c547a43c274c9779d51) Importer(815301076,1909f56bfc062723c751e8b465ee728b)  -> (artifact id: 'a3230777a4c3e7bf98369fa89d889af6') in 0.038000 seconds 
  Import took 0.042624 seconds .

========================================================================
Received Import Request.
  Time since last request: 0.000221 seconds.
  path: Assets/ImportedAssets/HONETi/mobile_cartoon_GUI/psd files/icons_slices.psd
  artifactKey: Guid(4105b388110b1954fa1ef1ef64339e55) Importer(815301076,1909f56bfc062723c751e8b465ee728b)
Start importing Assets/ImportedAssets/HONETi/mobile_cartoon_GUI/psd files/icons_slices.psd using Guid(4105b388110b1954fa1ef1ef64339e55) Importer(815301076,1909f56bfc062723c751e8b465ee728b)  -> (artifact id: '82aac75b08b8f78e442dd1edd3a2226d') in 0.043560 seconds 
  Import took 0.047629 seconds .

========================================================================
Received Import Request.
  Time since last request: 0.625589 seconds.
  path: Assets/ImportedAssets/HONETi/mobile_cartoon_GUI/psd files/preview
  artifactKey: Guid(c08fafce45356494d95fa6df0280d0f4) Importer(815301076,1909f56bfc062723c751e8b465ee728b)
Start importing Assets/ImportedAssets/HONETi/mobile_cartoon_GUI/psd files/preview using Guid(c08fafce45356494d95fa6df0280d0f4) Importer(815301076,1909f56bfc062723c751e8b465ee728b)  -> (artifact id: 'bcc788b9f88e4d7c0598dbe2afefd92b') in 0.011195 seconds 
  Import took 0.055616 seconds .

========================================================================
Received Import Request.
  Time since last request: 0.520516 seconds.
  path: Assets/ImportedAssets/HONETi/mobile_cartoon_GUI/psd files/preview/gui_elements_slices.jpg
  artifactKey: Guid(6439f73e42506e143ac1402b00358ab1) Importer(815301076,1909f56bfc062723c751e8b465ee728b)
Start importing Assets/ImportedAssets/HONETi/mobile_cartoon_GUI/psd files/preview/gui_elements_slices.jpg using Guid(6439f73e42506e143ac1402b00358ab1) Importer(815301076,1909f56bfc062723c751e8b465ee728b)  -> (artifact id: 'c8dceb8038ecc327d4ce049fec86117f') in 0.172419 seconds 
  Import took 0.177806 seconds .

========================================================================
Received Import Request.
  Time since last request: 0.000256 seconds.
  path: Assets/ImportedAssets/HONETi/mobile_cartoon_GUI/psd files/preview/panel_start_slices.jpg
  artifactKey: Guid(e61354e83de142f47bb77e16ce19c6f9) Importer(815301076,1909f56bfc062723c751e8b465ee728b)
Start importing Assets/ImportedAssets/HONETi/mobile_cartoon_GUI/psd files/preview/panel_start_slices.jpg using Guid(e61354e83de142f47bb77e16ce19c6f9) Importer(815301076,1909f56bfc062723c751e8b465ee728b)  -> (artifact id: '8f19438362179e4a5a0ef174c9bd18ce') in 0.034314 seconds 
  Import took 0.074541 seconds .

========================================================================
Received Import Request.
  Time since last request: 0.000280 seconds.
  path: Assets/ImportedAssets/HONETi/mobile_cartoon_GUI/psd files/preview/icons_slices.jpg
  artifactKey: Guid(b9d0ec568ea407042bcc5b2a83f7d220) Importer(815301076,1909f56bfc062723c751e8b465ee728b)
Start importing Assets/ImportedAssets/HONETi/mobile_cartoon_GUI/psd files/preview/icons_slices.jpg using Guid(b9d0ec568ea407042bcc5b2a83f7d220) Importer(815301076,1909f56bfc062723c751e8b465ee728b)  -> (artifact id: 'a0efc3571b7df4cb06923dbccd43047a') in 0.038788 seconds 
  Import took 0.098468 seconds .

========================================================================
Received Import Request.
  Time since last request: 0.000231 seconds.
  path: Assets/ImportedAssets/HONETi/mobile_cartoon_GUI/psd files/preview/_all_slices
  artifactKey: Guid(8bbc504d0f9217448a489c2ba4a7f213) Importer(815301076,1909f56bfc062723c751e8b465ee728b)
Start importing Assets/ImportedAssets/HONETi/mobile_cartoon_GUI/psd files/preview/_all_slices using Guid(8bbc504d0f9217448a489c2ba4a7f213) Importer(815301076,1909f56bfc062723c751e8b465ee728b)  -> (artifact id: '8a523243990dc7e20a20be15192fbb85') in 0.017347 seconds 
  Import took 0.045161 seconds .

========================================================================
Received Import Request.
  Time since last request: 27.161133 seconds.
  path: Assets/Sprites
  artifactKey: Guid(126d4cc03cc9a9347bb21b39593a790f) Importer(815301076,1909f56bfc062723c751e8b465ee728b)
Start importing Assets/Sprites using Guid(126d4cc03cc9a9347bb21b39593a790f) Importer(815301076,1909f56bfc062723c751e8b465ee728b)  -> (artifact id: '69078d75c56218f2fb30fa96b937aa43') in 0.013692 seconds 
  Import took 0.042211 seconds .

AssetImportWorkerClient::OnTransportError - code=2 error=End of file
